<?xml version="1.0" encoding="UTF-8"?>
<testsuite xmlns:xsi="http://www.w3.org/2001/XMLSchema-instance" xsi:noNamespaceSchemaLocation="https://maven.apache.org/surefire/maven-surefire-plugin/xsd/surefire-test-report-3.0.xsd" version="3.0" name="testRunner.TestRunner" time="0.249" tests="1" errors="0" skipped="0" failures="0">
  <properties>
[...]
</properties>
  <testcase name="Registration functionality" classname="Register Page Scenarios" time="0.084">
    <system-out><![CDATA[
Scenario: Registration functionality               &amp#27;[90m# src/test/java/features/Registration.feature:4&amp#27;[0m
In the i_am_on_the_login_page method
  &amp#27;[32mGiven &amp#27;[0m&amp#27;[32mI am on the Login Page&amp#27;[0m                     &amp#27;[90m# Steps.Register.i_am_on_the_login_page()&amp#27;[0m
In the i_enter_valid_email_id method
  &amp#27;[32mWhen &amp#27;[0m&amp#27;[32mI enter valid email id&amp#27;[0m                      &amp#27;[90m# Steps.Register.i_enter_valid_email_id()&amp#27;[0m
In the i_click_submit method
  &amp#27;[32mAnd &amp#27;[0m&amp#27;[32mI click submit&amp#27;[0m                               &amp#27;[90m# Steps.Register.i_click_submit()&amp#27;[0m
In the i_see_the_username_and_password_credentials method
  &amp#27;[32mThen &amp#27;[0m&amp#27;[32mI see the username and password credentials&amp#27;[0m &amp#27;[90m# Steps.Register.i_see_the_username_and_password_credentials()&amp#27;[0m
]]></system-out>
  </testcase>
</testsuite>